[2026-06-13 12:29:36] Новое подключение: 127.0.0.1
[2026-06-13 12:29:36] Подключение успешно! Добро пожаловать Володя Яковлев в сетевой чат!
[2026-06-13 12:29:36] Пользователь вошел в чат: Володя Яковлев
[2026-06-13 12:29:36] SERVER: Володя Яковлев вошел в чат:
[2026-06-13 12:29:36] (получено): SERVER: Володя Яковлев вошел в чат:
[2026-06-13 12:29:48] Новое подключение: 127.0.0.1
[2026-06-13 12:29:48] Подключение успешно! Добро пожаловать Гриша Измайлов в сетевой чат!
[2026-06-13 12:29:48] Пользователь вошел в чат: Гриша Измайлов
[2026-06-13 12:29:48] SERVER: Гриша Измайлов вошел в чат:
[2026-06-13 12:29:48] (получено): SERVER: Гриша Измайлов вошел в чат:
[2026-06-13 12:29:48] (получено): SERVER: Гриша Измайлов вошел в чат:
[2026-06-13 12:29:55] Володя Яковлев: Здравствуйте демое
[2026-06-13 12:29:55] (получено): Володя Яковлев: Здравствуйте демое
[2026-06-13 12:29:55] (получено): Володя Яковлев: Здравствуйте демое
[2026-06-13 12:30:10] Гриша Измайлов: Здравствуйте Володя
[2026-06-13 12:30:10] (получено): Гриша Измайлов: Здравствуйте Володя
[2026-06-13 12:30:10] (получено): Гриша Измайлов: Здравствуйте Володя
[2026-06-13 12:30:34] Володя Яковлев: В Ворд Оф Найтс играеш?
[2026-06-13 12:30:34] (получено): Володя Яковлев: В Ворд Оф Найтс играеш?
[2026-06-13 12:30:34] (получено): Володя Яковлев: В Ворд Оф Найтс играеш?
[2026-06-13 12:30:44] Гриша Измайлов: Поигрываю когда делать нечего
[2026-06-13 12:30:44] (получено): Гриша Измайлов: Поигрываю когда делать нечего
[2026-06-13 12:30:44] (получено): Гриша Измайлов: Поигрываю когда делать нечего
[2026-06-13 12:31:25] Новое подключение: 127.0.0.1
[2026-06-13 12:31:25] Подключение успешно! Добро пожаловать Игорь Мухич в сетевой чат!
[2026-06-13 12:31:25] Пользователь вошел в чат: Игорь Мухич
[2026-06-13 12:31:25] SERVER: Игорь Мухич вошел в чат:
[2026-06-13 12:31:25] (получено): SERVER: Игорь Мухич вошел в чат:
[2026-06-13 12:31:25] (получено): SERVER: Игорь Мухич вошел в чат:
[2026-06-13 12:31:25] (получено): SERVER: Игорь Мухич вошел в чат:
[2026-06-13 12:31:34] Игорь Мухич: А ВОТ И ДЖЕК СКОТОЛОЖЕЦ!!!
[2026-06-13 12:31:34] (получено): Игорь Мухич: А ВОТ И ДЖЕК СКОТОЛОЖЕЦ!!!
[2026-06-13 12:31:34] (получено): Игорь Мухич: А ВОТ И ДЖЕК СКОТОЛОЖЕЦ!!!
[2026-06-13 12:31:34] (получено): Игорь Мухич: А ВОТ И ДЖЕК СКОТОЛОЖЕЦ!!!
[2026-06-13 12:31:57] Выход из чата
[2026-06-13 12:31:57] Пользователь вышел из чата: Игорь Мухич
[2026-06-13 12:31:57] SERVER: Игорь Мухич покинул в чат:
[2026-06-13 12:31:57] (получено): SERVER: Игорь Мухич покинул в чат:
[2026-06-13 12:31:57] (получено): SERVER: Игорь Мухич покинул в чат:
[2026-06-13 12:32:04] Выход из чата
[2026-06-13 12:32:04] Пользователь вышел из чата: Гриша Измайлов
[2026-06-13 12:32:04] SERVER: Гриша Измайлов покинул в чат:
[2026-06-13 12:32:04] (получено): SERVER: Гриша Измайлов покинул в чат:
[2026-06-13 12:32:08] Выход из чата
[2026-06-13 12:32:08] Пользователь вышел из чата: Володя Яковлев
[2026-06-13 12:32:08] SERVER: Володя Яковлев покинул в чат:
